<?xml version="1.0" encoding="UTF-8"?>
<!-- Generated by org.testng.reporters.JUnitReportReporter -->
<testsuite hostname="Grace" failures="0" tests="3" name="TestCases.Psychiatry_TestCases.ReligiousMeeting_Tast" time="13.016" errors="1" timestamp="2024-08-28T00:19:45 IST" skipped="1">
  <testcase classname="TestCases.Psychiatry_TestCases.ReligiousMeeting_Tast" name="filterfunctionality_TC3" time="0.045">
    <error message="Cannot invoke &quot;Pages.Psychiatry_Pages.ReligiousMeeting_Page.clickStaffIcon1()&quot; because &quot;this.religmeetobj&quot; is null" type="java.lang.NullPointerException">
      <![CDATA[java.lang.NullPointerException: Cannot invoke "Pages.Psychiatry_Pages.ReligiousMeeting_Page.clickStaffIcon1()" because "this.religmeetobj" is null
at TestCases.Psychiatry_TestCases.ReligiousMeeting_Tast.filterfunctionality_TC3(ReligiousMeeting_Tast.java:79)
at java.base/jdk.internal.reflect.NativeMethodAccessorImpl.invoke0(Native Method)
at java.base/jdk.internal.reflect.NativeMethodAccessorImpl.invoke(NativeMethodAccessorImpl.java:77)
at java.base/jdk.internal.reflect.DelegatingMethodAccessorImpl.invoke(DelegatingMethodAccessorImpl.java:43)
at java.base/java.lang.reflect.Method.invoke(Method.java:568)
at org.testng.internal.invokers.MethodInvocationHelper.invokeMethod(MethodInvocationHelper.java:139)
at org.testng.internal.invokers.TestInvoker.invokeMethod(TestInvoker.java:664)
at org.testng.internal.invokers.TestInvoker.invokeTestMethod(TestInvoker.java:228)
at org.testng.internal.invokers.MethodRunner.runInSequence(MethodRunner.java:63)
at org.testng.internal.invokers.TestInvoker$MethodInvocationAgent.invoke(TestInvoker.java:961)
at org.testng.internal.invokers.TestInvoker.invokeTestMethods(TestInvoker.java:201)
at org.testng.internal.invokers.TestMethodWorker.invokeTestMethods(TestMethodWorker.java:148)
at org.testng.internal.invokers.TestMethodWorker.run(TestMethodWorker.java:128)
at java.base/java.util.ArrayList.forEach(ArrayList.java:1511)
at org.testng.TestRunner.privateRun(TestRunner.java:819)
at org.testng.TestRunner.run(TestRunner.java:619)
at org.testng.SuiteRunner.runTest(SuiteRunner.java:443)
at org.testng.SuiteRunner.runSequentially(SuiteRunner.java:437)
at org.testng.SuiteRunner.privateRun(SuiteRunner.java:397)
at org.testng.SuiteRunner.run(SuiteRunner.java:336)
at org.testng.SuiteRunnerWorker.runSuite(SuiteRunnerWorker.java:52)
at org.testng.SuiteRunnerWorker.run(SuiteRunnerWorker.java:95)
at org.testng.TestNG.runSuitesSequentially(TestNG.java:1301)
at org.testng.TestNG.runSuitesLocally(TestNG.java:1228)
at org.testng.TestNG.runSuites(TestNG.java:1134)
at org.testng.TestNG.run(TestNG.java:1101)
at org.testng.remote.AbstractRemoteTestNG.run(AbstractRemoteTestNG.java:115)
at org.testng.remote.RemoteTestNG.initAndRun(RemoteTestNG.java:293)
at org.testng.remote.RemoteTestNG.main(RemoteTestNG.java:91)
]]>
    </error>
  </testcase> <!-- filterfunctionality_TC3 -->
  <testcase classname="TestCases.Psychiatry_TestCases.ReligiousMeeting_Tast" name="religiousAddMeeting_TC1" time="12.971"/>
  <testcase classname="TestCases.Psychiatry_TestCases.ReligiousMeeting_Tast" name="religiousCreatingPrayer_TC2">
    <skipped/>
  </testcase> <!-- religiousCreatingPrayer_TC2 -->
</testsuite> <!-- TestCases.Psychiatry_TestCases.ReligiousMeeting_Tast -->
