<?xml version="1.0" encoding="UTF-8"?>
<!-- Generated by org.testng.reporters.JUnitReportReporter -->
<testsuite hostname="Grace" failures="0" tests="5" name="NursingCarePlan_TestCases.ActivateCareOfPlan_Test" time="46.752" errors="1" timestamp="2024-06-24T12:56:50 IST" skipped="0">
  <testcase classname="NursingCarePlan_TestCases.ActivateCareOfPlan_Test" name="Activate_CarePlan_TC01" time="38.424"/>
  <testcase classname="NursingCarePlan_TestCases.ActivateCareOfPlan_Test" name="Activate_CarePlan_TC02" time="2.291"/>
  <testcase classname="NursingCarePlan_TestCases.ActivateCareOfPlan_Test" name="Evaluate_CarePlan_TC03" time="2.656"/>
  <testcase classname="NursingCarePlan_TestCases.ActivateCareOfPlan_Test" name="Discontinue_Task_TC04" time="2.689">
    <error message="element click intercepted: Element &lt;a id=&quot;pt1:contrRg:0:CntRgn:2:carepln_conteiner:du_row:oc1:i1:4:or1:oc32:l1&quot; class=&quot;x23r x30z x3nx xgn p_AFTextOnly&quot; style=&quot;padding-left:5px; line-height: 2;&quot; data-afr-fcs=&quot;true&quot; href=&quot;#&quot; onclick=&quot;this.focus();return false&quot; data-afr-tlen=&quot;1&quot; role=&quot;link&quot;&gt;...&lt;/a&gt; is not clickable at point (47, 442). Other element would receive the click: &lt;div class=&quot;AFModalGlassPane&quot; style=&quot;width: 2183px; height: 1000px; user-select: none; z-index: 58;&quot;&gt;&lt;/div&gt;
  (Session info: chrome=126.0.6478.61)
Build info: version: &#039;4.18.1&#039;, revision: &#039;b1d3319b48&#039;
System info: os.name: &#039;Windows 11&#039;, os.arch: &#039;amd64&#039;, os.version: &#039;10.0&#039;, java.version: &#039;17.0.5&#039;
Driver info: org.openqa.selenium.chrome.ChromeDriver
Command: [c59f9617cf2174231ad0bd2e432b320d, clickElement {id=f.BC8B18B66E18B3016CA709E42DF24FDA.d.EFB9A59BD37ADBB1EE86EF0D491D798B.e.1410}]
Capabilities {acceptInsecureCerts: false, browserName: chrome, browserVersion: 126.0.6478.61, chrome: {chromedriverVersion: 126.0.6478.63 (df799988fdc9..., userDataDir: C:\Users\kandu\AppData\Loca...}, fedcm:accounts: true, goog:chromeOptions: {debuggerAddress: localhost:52320}, networkConnectionEnabled: false, pageLoadStrategy: normal, platformName: windows, proxy: Proxy(), se:cdp: ws://localhost:52320/devtoo..., se:cdpVersion: 126.0.6478.61, setWindowRect: true, strictFileInteractability: false, timeouts: {implicit: 0, pageLoad: 300000, script: 30000}, unhandledPromptBehavior: dismiss and notify, webauthn:extension:credBlob: true, webauthn:extension:largeBlob: true, webauthn:extension:minPinLength: true, webauthn:extension:prf: true, webauthn:virtualAuthenticators: true}
Element: [[ChromeDriver: chrome on windows (c59f9617cf2174231ad0bd2e432b320d)] -&gt; xpath: (//a[@class=&#039;x23r x30z x3nx xgn p_AFTextOnly&#039;])[1]]
Session ID: c59f9617cf2174231ad0bd2e432b320d" type="org.openqa.selenium.ElementClickInterceptedException">
      <![CDATA[org.openqa.selenium.ElementClickInterceptedException: element click intercepted: Element <a id="pt1:contrRg:0:CntRgn:2:carepln_conteiner:du_row:oc1:i1:4:or1:oc32:l1" class="x23r x30z x3nx xgn p_AFTextOnly" style="padding-left:5px; line-height: 2;" data-afr-fcs="true" href="#" onclick="this.focus();return false" data-afr-tlen="1" role="link">...</a> is not clickable at point (47, 442). Other element would receive the click: <div class="AFModalGlassPane" style="width: 2183px; height: 1000px; user-select: none; z-index: 58;"></div>
  (Session info: chrome=126.0.6478.61)
Build info: version: '4.18.1', revision: 'b1d3319b48'
System info: os.name: 'Windows 11', os.arch: 'amd64', os.version: '10.0', java.version: '17.0.5'
Driver info: org.openqa.selenium.chrome.ChromeDriver
Command: [c59f9617cf2174231ad0bd2e432b320d, clickElement {id=f.BC8B18B66E18B3016CA709E42DF24FDA.d.EFB9A59BD37ADBB1EE86EF0D491D798B.e.1410}]
Capabilities {acceptInsecureCerts: false, browserName: chrome, browserVersion: 126.0.6478.61, chrome: {chromedriverVersion: 126.0.6478.63 (df799988fdc9..., userDataDir: C:\Users\kandu\AppData\Loca...}, fedcm:accounts: true, goog:chromeOptions: {debuggerAddress: localhost:52320}, networkConnectionEnabled: false, pageLoadStrategy: normal, platformName: windows, proxy: Proxy(), se:cdp: ws://localhost:52320/devtoo..., se:cdpVersion: 126.0.6478.61, setWindowRect: true, strictFileInteractability: false, timeouts: {implicit: 0, pageLoad: 300000, script: 30000}, unhandledPromptBehavior: dismiss and notify, webauthn:extension:credBlob: true, webauthn:extension:largeBlob: true, webauthn:extension:minPinLength: true, webauthn:extension:prf: true, webauthn:virtualAuthenticators: true}
Element: [[ChromeDriver: chrome on windows (c59f9617cf2174231ad0bd2e432b320d)] -> xpath: (//a[@class='x23r x30z x3nx xgn p_AFTextOnly'])[1]]
Session ID: c59f9617cf2174231ad0bd2e432b320d
at java.base/jdk.internal.reflect.NativeConstructorAccessorImpl.newInstance0(Native Method)
at java.base/jdk.internal.reflect.NativeConstructorAccessorImpl.newInstance(NativeConstructorAccessorImpl.java:77)
at java.base/jdk.internal.reflect.DelegatingConstructorAccessorImpl.newInstance(DelegatingConstructorAccessorImpl.java:45)
at java.base/java.lang.reflect.Constructor.newInstanceWithCaller(Constructor.java:499)
at java.base/java.lang.reflect.Constructor.newInstance(Constructor.java:480)
at org.openqa.selenium.remote.ErrorCodec.decode(ErrorCodec.java:167)
at org.openqa.selenium.remote.codec.w3c.W3CHttpResponseCodec.decode(W3CHttpResponseCodec.java:138)
at org.openqa.selenium.remote.codec.w3c.W3CHttpResponseCodec.decode(W3CHttpResponseCodec.java:50)
at org.openqa.selenium.remote.HttpCommandExecutor.execute(HttpCommandExecutor.java:190)
at org.openqa.selenium.remote.service.DriverCommandExecutor.invokeExecute(DriverCommandExecutor.java:216)
at org.openqa.selenium.remote.service.DriverCommandExecutor.execute(DriverCommandExecutor.java:174)
at org.openqa.selenium.remote.RemoteWebDriver.execute(RemoteWebDriver.java:519)
at org.openqa.selenium.remote.RemoteWebElement.execute(RemoteWebElement.java:223)
at org.openqa.selenium.remote.RemoteWebElement.click(RemoteWebElement.java:76)
at NursingCarePlan_Pages.ActivateCareOfPlan_Page.expandPlan(ActivateCareOfPlan_Page.java:80)
at NursingCarePlan_TestCases.ActivateCareOfPlan_Test.Discontinue_Task_TC04(ActivateCareOfPlan_Test.java:71)
at java.base/jdk.internal.reflect.NativeMethodAccessorImpl.invoke0(Native Method)
at java.base/jdk.internal.reflect.NativeMethodAccessorImpl.invoke(NativeMethodAccessorImpl.java:77)
at java.base/jdk.internal.reflect.DelegatingMethodAccessorImpl.invoke(DelegatingMethodAccessorImpl.java:43)
at java.base/java.lang.reflect.Method.invoke(Method.java:568)
at org.testng.internal.invokers.MethodInvocationHelper.invokeMethod(MethodInvocationHelper.java:139)
at org.testng.internal.invokers.TestInvoker.invokeMethod(TestInvoker.java:664)
at org.testng.internal.invokers.TestInvoker.invokeTestMethod(TestInvoker.java:228)
at org.testng.internal.invokers.MethodRunner.runInSequence(MethodRunner.java:63)
at org.testng.internal.invokers.TestInvoker$MethodInvocationAgent.invoke(TestInvoker.java:961)
at org.testng.internal.invokers.TestInvoker.invokeTestMethods(TestInvoker.java:201)
at org.testng.internal.invokers.TestMethodWorker.invokeTestMethods(TestMethodWorker.java:148)
at org.testng.internal.invokers.TestMethodWorker.run(TestMethodWorker.java:128)
at java.base/java.util.ArrayList.forEach(ArrayList.java:1511)
at org.testng.TestRunner.privateRun(TestRunner.java:819)
at org.testng.TestRunner.run(TestRunner.java:619)
at org.testng.SuiteRunner.runTest(SuiteRunner.java:443)
at org.testng.SuiteRunner.runSequentially(SuiteRunner.java:437)
at org.testng.SuiteRunner.privateRun(SuiteRunner.java:397)
at org.testng.SuiteRunner.run(SuiteRunner.java:336)
at org.testng.SuiteRunnerWorker.runSuite(SuiteRunnerWorker.java:52)
at org.testng.SuiteRunnerWorker.run(SuiteRunnerWorker.java:95)
at org.testng.TestNG.runSuitesSequentially(TestNG.java:1301)
at org.testng.TestNG.runSuitesLocally(TestNG.java:1228)
at org.testng.TestNG.runSuites(TestNG.java:1134)
at org.testng.TestNG.run(TestNG.java:1101)
at org.testng.remote.AbstractRemoteTestNG.run(AbstractRemoteTestNG.java:115)
at org.testng.remote.RemoteTestNG.initAndRun(RemoteTestNG.java:293)
at org.testng.remote.RemoteTestNG.main(RemoteTestNG.java:91)
]]>
    </error>
  </testcase> <!-- Discontinue_Task_TC04 -->
  <testcase classname="NursingCarePlan_TestCases.ActivateCareOfPlan_Test" name="Discontinue_CarePlan_TC05" time="0.692"/>
</testsuite> <!-- NursingCarePlan_TestCases.ActivateCareOfPlan_Test -->
